<?xml version="1.0" encoding="UTF-8"?>
<!-- Generated by org.testng.reporters.JUnitReportReporter -->
<testsuite skipped="0" hostname="LAPTOP-CLIP7DDS" name="Grootanpackage.Grootanclass" tests="2" failures="0" timestamp="2021-02-07T16:11:48 IST" time="55.782" errors="0">
  <testcase name="grootan" time="31.497" classname="Grootanpackage.Grootanclass"/>
  <system-out/>
  <testcase name="grootanrerun" time="24.285" classname="Grootanpackage.Grootanclass"/>
  <system-out/>
</testsuite> <!-- Grootanpackage.Grootanclass -->
