<?xml version="1.0" encoding="UTF-8"?>
<!-- Generated by org.testng.reporters.JUnitReportReporter -->
<testsuite skipped="0" hostname="LAPTOP-CLIP7DDS" name="Grootanpackage.Grootanclass" tests="2" failures="0" timestamp="2021-02-07T18:43:44 IST" time="53.927" errors="0">
  <testcase name="grootan" time="27.190" classname="Grootanpackage.Grootanclass"/>
  <system-out/>
  <testcase name="grootanrerun" time="26.737" classname="Grootanpackage.Grootanclass"/>
  <system-out/>
</testsuite> <!-- Grootanpackage.Grootanclass -->
